<?xml version="1.0" encoding="UTF-8" ?>
<testsuites>
  <testsuite errors="0" failures="0" hostname="A4G182-PC" id="0" name="ESCROWFundsTransfer" package="com.abfl.automation.testscripts" skipped="0" tests="1" time="52.99" timestamp="2017-07-17T17:37:24">
      <properties>
[...]
</properties>

      <testcase classname="com.abfl.automation.testscripts.ESCROWFundsTransfer" name="ESCROWFundsTransfer_TestScript" time="52.927" />

      <system-out><![CDATA[]]></system-out>

      <system-err><![CDATA[Jul 17, 2017 11:07:24 PM com.relevantcodes.extentreports.Configuration <init>
INFO: Configurating report from file:/C:/Users/harshal.e/workspace/ABFL_RPA/lib/extentreports-java-2.40.0.jar!/com/relevantcodes/extentreports/resources/extent-config.xml
Starting ChromeDriver 2.29.461591 (62ebf098771772160f391d75e589dc567915b233) on port 14298
Only local connections are allowed.
]]></system-err>

  </testsuite>
</testsuites>
